[2025-04-27 15:53:40,950] 18 root - INFO - Starting the Network Security Pipeline
[2025-04-27 15:53:40,950] 24 root - INFO - Initiating the data ingestion
[2025-04-27 15:54:14,178] 281 root - INFO - Performed train-test split on the dataframe
[2025-04-27 15:54:14,178] 286 root - INFO - Exporting train and test file path.
[2025-04-27 15:54:16,564] 291 root - INFO - Exported train and test files successfully.
[2025-04-27 15:54:16,564] 26 root - INFO - Data ingestion completed
[2025-04-27 15:54:16,564] 32 root - INFO - Initiating data validation
[2025-04-27 15:54:16,880] 40 root - INFO - Expected columns: ['NumDots', 'UrlLength', 'NumDash', 'AtSymbol', 'IpAddress', 'HttpsInHostname', 'PathLevel', 'PathLength', 'NumNumericChars', 'Phising']
[2025-04-27 15:54:16,880] 41 root - INFO - Actual columns: ['NumDots', 'UrlLength', 'NumDash', 'AtSymbol', 'IpAddress', 'HttpsInHostname', 'PathLevel', 'PathLength', 'NumNumericChars', 'Phising']
[2025-04-27 15:54:19,571] 34 root - INFO - Data validation completed
[2025-04-27 15:54:19,571] 40 root - INFO - Initiating data transformation
[2025-04-27 15:54:19,571] 68 root - INFO - Entering initiate_data_transformation method
[2025-04-27 15:54:19,877] 75 root - INFO - Train Data Columns: Index(['NumDots', 'UrlLength', 'NumDash', 'AtSymbol', 'IpAddress',
       'HttpsInHostname', 'PathLevel', 'PathLength', 'NumNumericChars',
       'Phising'],
      dtype='object')
[2025-04-27 15:54:19,877] 76 root - INFO - Test Data Columns: Index(['NumDots', 'UrlLength', 'NumDash', 'AtSymbol', 'IpAddress',
       'HttpsInHostname', 'PathLevel', 'PathLength', 'NumNumericChars',
       'Phising'],
      dtype='object')
