[2025-04-27 16:02:18,611] 18 root - INFO - Starting the Network Security Pipeline
[2025-04-27 16:02:18,611] 24 root - INFO - Initiating the data ingestion
[2025-04-27 16:02:55,082] 281 root - INFO - Performed train-test split on the dataframe
[2025-04-27 16:02:55,082] 286 root - INFO - Exporting train and test file path.
[2025-04-27 16:02:57,508] 291 root - INFO - Exported train and test files successfully.
[2025-04-27 16:02:57,508] 26 root - INFO - Data ingestion completed
[2025-04-27 16:02:57,525] 32 root - INFO - Initiating data validation
[2025-04-27 16:02:57,852] 40 root - INFO - Expected columns: ['NumDots', 'UrlLength', 'NumDash', 'AtSymbol', 'IpAddress', 'HttpsInHostname', 'PathLevel', 'PathLength', 'NumNumericChars', 'Phising']
[2025-04-27 16:02:57,852] 41 root - INFO - Actual columns: ['NumDots', 'UrlLength', 'NumDash', 'AtSymbol', 'IpAddress', 'HttpsInHostname', 'PathLevel', 'PathLength', 'NumNumericChars', 'Phising']
[2025-04-27 16:03:00,547] 34 root - INFO - Data validation completed
[2025-04-27 16:03:00,547] 40 root - INFO - Initiating data transformation
[2025-04-27 16:03:00,547] 164 root - INFO - Entering initiate_data_transformation method
[2025-04-27 16:03:00,872] 171 root - INFO - Train Data Columns: Index(['NumDots', 'UrlLength', 'NumDash', 'AtSymbol', 'IpAddress',
       'HttpsInHostname', 'PathLevel', 'PathLength', 'NumNumericChars',
       'Phising'],
      dtype='object')
[2025-04-27 16:03:00,872] 172 root - INFO - Test Data Columns: Index(['NumDots', 'UrlLength', 'NumDash', 'AtSymbol', 'IpAddress',
       'HttpsInHostname', 'PathLevel', 'PathLength', 'NumNumericChars',
       'Phising'],
      dtype='object')
